<?xml version="1.0" encoding="UTF-8"?>
<!-- Generated by org.testng.reporters.JUnitReportReporter -->
<testsuite skipped="0" hostname="113271-T470p" name="Main.TcExecute" tests="1" failures="0" timestamp="12 Dec 2018 11:12:38 GMT" time="3.416" errors="0">
  <testcase name="test" time="3.416" classname="Main.TcExecute"/>
</testsuite> <!-- Main.TcExecute -->
